Flutter crash report.
Please report a bug at https://github.com/flutter/flutter/issues.

## command

flutter --quiet assemble --no-version-check --depfile /Users/codiste/Worksheet/Crypto/CoinAnalyzer/SRC/coin_analyzer/build/app/intermediates/flutter/debug/flutter_build.d --output /Users/codiste/Worksheet/Crypto/CoinAnalyzer/SRC/coin_analyzer/build/app/intermediates/flutter/debug -dTargetFile=/Users/codiste/Worksheet/Crypto/CoinAnalyzer/SRC/coin_analyzer/lib/main.dart -dTargetPlatform=android -dBuildMode=debug -dTrackWidgetCreation=true --DartDefines=RkxVVFRFUl9XRUJfQVVUT19ERVRFQ1Q9dHJ1ZQ== debug_android_application

## exception

FileSystemException: FileSystemException: Cannot open file, path = '/Users/codiste/Worksheet/Crypto/CoinAnalyzer/SRC/coin_analyzer/build/app/intermediates/flutter/debug/.last_build_id' (OS Error: Too many open files in system, errno = 23)

```
#0      _File.throwIfError (dart:io/file_impl.dart:635:7)
#1      _File.openSync (dart:io/file_impl.dart:479:5)
#2      _File.writeAsBytesSync (dart:io/file_impl.dart:604:31)
#3      _File.writeAsStringSync (dart:io/file_impl.dart:628:5)
#4      ForwardingFile.writeAsStringSync (package:file/src/forwarding/forwarding_file.dart:147:16)
#5      ErrorHandlingFile.writeAsStringSync.<anonymous closure> (package:flutter_tools/src/base/error_handling_io.dart:267:22)
#6      _runSync (package:flutter_tools/src/base/error_handling_io.dart:573:14)
#7      ErrorHandlingFile.writeAsStringSync (package:flutter_tools/src/base/error_handling_io.dart:266:5)
#8      FlutterBuildSystem.trackSharedBuildDirectory (package:flutter_tools/src/build_system/build_system.dart:703:23)
#9      FlutterBuildSystem.build (package:flutter_tools/src/build_system/build_system.dart:619:5)
<asynchronous suspension>
#10     AssembleCommand.runCommand (package:flutter_tools/src/commands/assemble.dart:318:32)
<asynchronous suspension>
#11     FlutterCommand.run.<anonymous closure> (package:flutter_tools/src/runner/flutter_command.dart:1043:27)
<asynchronous suspension>
#12     AppContext.run.<anonymous closure> (package:flutter_tools/src/base/context.dart:150:19)
<asynchronous suspension>
#13     CommandRunner.runCommand (package:args/command_runner.dart:196:13)
<asynchronous suspension>
#14     FlutterCommandRunner.runCommand.<anonymous closure> (package:flutter_tools/src/runner/flutter_command_runner.dart:284:9)
<asynchronous suspension>
#15     AppContext.run.<anonymous closure> (package:flutter_tools/src/base/context.dart:150:19)
<asynchronous suspension>
#16     FlutterCommandRunner.runCommand (package:flutter_tools/src/runner/flutter_command_runner.dart:232:5)
<asynchronous suspension>
#17     run.<anonymous closure>.<anonymous closure> (package:flutter_tools/runner.dart:62:9)
<asynchronous suspension>
#18     AppContext.run.<anonymous closure> (package:flutter_tools/src/base/context.dart:150:19)
<asynchronous suspension>
#19     main (package:flutter_tools/executable.dart:91:3)
<asynchronous suspension>
```

## flutter doctor

```
[☠] Flutter (the doctor check crashed)
    ✗ Due to an error, the doctor check did not complete. If the error message below is not helpful, please let us know about this issue at https://github.com/flutter/flutter/issues.
    ✗ ProcessException: Too many open files in system
        Command: /usr/bin/git -c log.showSignature=false log -n 1 --pretty=format:%ar
    • #0      LocalProcessManager.runSync (package:process/src/interface/local_process_manager.dart:120:7)
      #1      ErrorHandlingProcessManager.runSync.<anonymous closure> (package:flutter_tools/src/base/error_handling_io.dart:685:24)
      #2      _runSync (package:flutter_tools/src/base/error_handling_io.dart:573:14)
      #3      ErrorHandlingProcessManager.runSync (package:flutter_tools/src/base/error_handling_io.dart:684:12)
      #4      _DefaultProcessUtils.runSync (package:flutter_tools/src/base/process.dart:373:51)
      #5      _runGit (package:flutter_tools/src/version.dart:658:23)
      #6      FlutterVersion.frameworkAge (package:flutter_tools/src/version.dart:137:30)
      #7      FlutterValidator.validate (package:flutter_tools/src/doctor.dart:441:17)
      #8      asyncGuard.<anonymous closure> (package:flutter_tools/src/base/async_guard.dart:111:32)
      #9      asyncGuard.<anonymous closure> (package:flutter_tools/src/base/async_guard.dart:109:18)
      #10     _rootRun (dart:async/zone.dart:1354:13)
      #11     _CustomZone.run (dart:async/zone.dart:1258:19)
      #12     _runZoned (dart:async/zone.dart:1789:10)
      #13     runZonedGuarded (dart:async/zone.dart:1777:12)
      #14     runZoned (dart:async/zone.dart:1708:12)
      #15     asyncGuard (package:flutter_tools/src/base/async_guard.dart:109:3)
      #16     Doctor.startValidatorTasks (package:flutter_tools/src/doctor.dart:199:9)
      #17     Doctor.diagnose (package:flutter_tools/src/doctor.dart:303:47)
      #18     _doctorText (package:flutter_tools/runner.dart:232:18)
      #19     _handleToolError (package:flutter_tools/runner.dart:157:27)
      <asynchronous suspension>
      #20     AppContext.run.<anonymous closure> (package:flutter_tools/src/base/context.dart:150:19)
      <asynchronous suspension>
      #21     main (package:flutter_tools/executable.dart:91:3)
      <asynchronous suspension>


[!] Android toolchain - develop for Android devices (Android SDK version 29.0.3)
    • Android SDK at /Users/codiste/Library/Android/sdk
    • Platform android-30, build-tools 29.0.3
    • ANDROID_HOME = /Users/codiste/Library/Android/sdk
    • Java binary at: /Applications/Android Studio 2.app/Contents/jre/jdk/Contents/Home/bin/java
    • Java version OpenJDK Runtime Environment (build 1.8.0_242-release-1644-b3-6915495)

[✗] Xcode - develop for iOS and macOS
    ✗ Xcode not installed; this is necessary for iOS development.
      Download at https://developer.apple.com/xcode/download/.
    ✗ CocoaPods not installed.
        CocoaPods is used to retrieve the iOS and macOS platform side's plugin code that responds to your plugin usage on the Dart side.
        Without CocoaPods, plugins will not work on iOS or macOS.
        For more info, see https://flutter.dev/platform-plugins
      To install see https://guides.cocoapods.org/using/getting-started.html#installation for instructions.

[✓] Chrome - develop for the web
    • Chrome at /Applications/Google Chrome.app/Contents/MacOS/Google Chrome

[!] Android Studio (not installed)
    • Android Studio not found; download from https://developer.android.com/studio/index.html
      (or visit https://flutter.dev/docs/get-started/install/macos#android-setup for detailed instructions).

[✗] Cannot determine if IntelliJ is installed
    ✗ Directory listing failed

[☠] Connected device (the doctor check crashed)
    ✗ Due to an error, the doctor check did not complete. If the error message below is not helpful, please let us know about this issue at https://github.com/flutter/flutter/issues.
    ✗ Exception: Unable to run "adb", check your Android SDK installation and ANDROID_SDK_ROOT environment variable: /Users/codiste/Library/Android/sdk/platform-tools/adb
    • #0      throwToolExit (package:flutter_tools/src/base/common.dart:10:3)
      #1      AndroidDevices.pollingGetDevices (package:flutter_tools/src/android/android_device_discovery.dart:78:7)
      <asynchronous suspension>
      #2      PollingDeviceDiscovery._populateDevices (package:flutter_tools/src/device.dart:397:54)
      <asynchronous suspension>
      #3      Future.wait.<anonymous closure> (dart:async/future.dart)
      <asynchronous suspension>
      #4      DeviceManager.getAllConnectedDevices (package:flutter_tools/src/device.dart:163:40)
      <asynchronous suspension>
      #5      DeviceValidator.validate (package:flutter_tools/src/doctor.dart:510:34)
      <asynchronous suspension>
      #6      asyncGuard.<anonymous closure> (package:flutter_tools/src/base/async_guard.dart:111:24)
      <asynchronous suspension>


! Doctor found issues in 6 categories.
```
